<?xml version="1.0" encoding="UTF-8"?>
<testng-results ignored="0" total="2" passed="2" failed="0" skipped="0">
  <reporter-output>
  </reporter-output>
  <suite started-at="2023-10-22T20:34:02Z" name="Default suite" finished-at="2023-10-22T20:34:20Z" duration-ms="18207">
    <groups>
      <group name="cucumber">
        <method signature="AbstractTestNGCucumberTests.runScenario(cucumber.api.testng.PickleEventWrapper, cucumber.api.testng.CucumberFeatureWrapper)[pri:0, instance:testRunner.Runner@3403e2ac]" name="runScenario" class="cucumber.api.testng.AbstractTestNGCucumberTests"/>
      </group> <!-- cucumber -->
    </groups>
    <test started-at="2023-10-22T20:34:02Z" name="Default test" finished-at="2023-10-22T20:34:20Z" duration-ms="18207">
      <class name="testRunner.Runner">
        <test-method is-config="true" signature="setUpClass()[pri:0, instance:testRunner.Runner@3403e2ac]" started-at="2023-10-22T20:34:02Z" name="setUpClass" finished-at="2023-10-22T20:34:02Z" duration-ms="141" status="PASS">
          <reporter-output>
          </reporter-output>
        </test-method> <!-- setUpClass -->
        <test-method signature="runScenario(cucumber.api.testng.PickleEventWrapper, cucumber.api.testng.CucumberFeatureWrapper)[pri:0, instance:testRunner.Runner@3403e2ac]" started-at="2023-10-22T20:34:02Z" name="runScenario" description="Runs Cucumber Scenarios" data-provider="scenarios" finished-at="2023-10-22T20:34:11Z" duration-ms="9295" status="PASS">
          <params>
            <param index="0">
              <value>
                <![CDATA["Login with valid inputs"]]>
              </value>
            </param>
            <param index="1">
              <value>
                <![CDATA["AutomationExercise login test cases"]]>
              </value>
            </param>
          </params>
          <reporter-output>
          </reporter-output>
        </test-method> <!-- runScenario -->
        <test-method signature="runScenario(cucumber.api.testng.PickleEventWrapper, cucumber.api.testng.CucumberFeatureWrapper)[pri:0, instance:testRunner.Runner@3403e2ac]" started-at="2023-10-22T20:34:11Z" name="runScenario" description="Runs Cucumber Scenarios" data-provider="scenarios" finished-at="2023-10-22T20:34:20Z" duration-ms="8715" status="PASS">
          <params>
            <param index="0">
              <value>
                <![CDATA["Login with invalid inputs"]]>
              </value>
            </param>
            <param index="1">
              <value>
                <![CDATA["AutomationExercise login test cases"]]>
              </value>
            </param>
          </params>
          <reporter-output>
          </reporter-output>
        </test-method> <!-- runScenario -->
        <test-method is-config="true" signature="tearDownClass()[pri:0, instance:testRunner.Runner@3403e2ac]" started-at="2023-10-22T20:34:20Z" name="tearDownClass" finished-at="2023-10-22T20:34:20Z" duration-ms="7" status="PASS">
          <reporter-output>
          </reporter-output>
        </test-method> <!-- tearDownClass -->
      </class> <!-- testRunner.Runner -->
    </test> <!-- Default test -->
  </suite> <!-- Default suite -->
</testng-results>
