<?xml version="1.0" encoding="UTF-8"?>
<robot generator="Robot 6.1.1 (Python 3.10.4 on win32)" generated="20230920 00:11:30.050" rpa="false" schemaversion="4">
<suite id="s1" name="PositiveLoginTest" source="e:\web_development\EvitecProject\Automation\Test Scenarios\PositiveLoginTest.robot">
<test id="s1-t1" name="Successful Login Test" line="6">
<kw name="Given user is on the login page" library="LoginKeywords">
<kw name="Open Browser" library="SeleniumLibrary">
<arg>${URL}</arg>
<arg>${BROWSER}</arg>
<doc>Opens a new browser instance to the optional ``url``.</doc>
<msg timestamp="20230920 00:11:30.443" level="INFO">Opening browser 'Chrome' to base url 'https://www.saucedemo.com'.</msg>
<status status="PASS" starttime="20230920 00:11:30.443" endtime="20230920 00:11:33.952"/>
</kw>
<kw name="Maximize Browser Window" library="SeleniumLibrary">
<doc>Maximizes current browser window.</doc>
<status status="PASS" starttime="20230920 00:11:33.953" endtime="20230920 00:11:34.097"/>
</kw>
<kw name="Title Should Be" library="SeleniumLibrary">
<arg>Swag Labs</arg>
<arg>Page title is wrong.</arg>
<doc>Verifies that the current page title equals ``title``.</doc>
<msg timestamp="20230920 00:11:34.125" level="INFO">Page title is 'Swag Labs'.</msg>
<status status="PASS" starttime="20230920 00:11:34.099" endtime="20230920 00:11:34.125"/>
</kw>
<status status="PASS" starttime="20230920 00:11:30.442" endtime="20230920 00:11:34.125"/>
</kw>
<kw name="When user enters valid credentials" library="LoginKeywords">
<kw name="Input Text" library="SeleniumLibrary">
<arg>//input[@id='user-name']</arg>
<arg>standard_user</arg>
<doc>Types the given ``text`` into the text field identified by ``locator``.</doc>
<msg timestamp="20230920 00:11:34.130" level="INFO">Typing text 'standard_user' into text field '//input[@id='user-name']'.</msg>
<status status="PASS" starttime="20230920 00:11:34.127" endtime="20230920 00:11:34.304"/>
</kw>
<kw name="Input Text" library="SeleniumLibrary">
<arg>//input[@id='password']</arg>
<arg>secret_sauce</arg>
<doc>Types the given ``text`` into the text field identified by ``locator``.</doc>
<msg timestamp="20230920 00:11:34.305" level="INFO">Typing text 'secret_sauce' into text field '//input[@id='password']'.</msg>
<status status="PASS" starttime="20230920 00:11:34.304" endtime="20230920 00:11:34.401"/>
</kw>
<status status="PASS" starttime="20230920 00:11:34.126" endtime="20230920 00:11:34.402"/>
</kw>
<kw name="And user clicks the login button" library="LoginKeywords">
<kw name="Click Button" library="SeleniumLibrary">
<arg>//input[@type='submit']</arg>
<doc>Clicks the button identified by ``locator``.</doc>
<msg timestamp="20230920 00:11:34.403" level="INFO">Clicking button '//input[@type='submit']'.</msg>
<status status="PASS" starttime="20230920 00:11:34.403" endtime="20230920 00:11:34.514"/>
</kw>
<status status="PASS" starttime="20230920 00:11:34.402" endtime="20230920 00:11:34.514"/>
</kw>
<kw name="Then user should be on the dashboard" library="LoginKeywords">
<kw name="Wait Until Page Contains" library="SeleniumLibrary">
<arg>Products</arg>
<arg>3</arg>
<doc>Waits until ``text`` appears on the current page.</doc>
<status status="PASS" starttime="20230920 00:11:34.518" endtime="20230920 00:11:34.540"/>
</kw>
<status status="PASS" starttime="20230920 00:11:34.517" endtime="20230920 00:11:34.540"/>
</kw>
<tag>Login</tag>
<status status="PASS" starttime="20230920 00:11:30.440" endtime="20230920 00:11:34.540"/>
</test>
<kw name="Close Browser" library="SeleniumLibrary" type="TEARDOWN">
<doc>Closes the current browser.</doc>
<status status="PASS" starttime="20230920 00:11:34.544" endtime="20230920 00:11:36.858"/>
</kw>
<status status="PASS" starttime="20230920 00:11:30.057" endtime="20230920 00:11:36.858"/>
</suite>
<statistics>
<total>
<stat pass="1" fail="0" skip="0">All Tests</stat>
</total>
<tag>
<stat pass="1" fail="0" skip="0">Login</stat>
</tag>
<suite>
<stat pass="1" fail="0" skip="0" id="s1" name="PositiveLoginTest">PositiveLoginTest</stat>
</suite>
</statistics>
<errors>
</errors>
</robot>
