<?xml version="1.0" encoding="UTF-8"?>
<!-- Generated by org.testng.reporters.JUnitXMLReporter -->
<testsuite ignored="0" hostname="DESKTOP-HSPP9QS" failures="0" tests="2" name="Default test" time="18.207" errors="0" timestamp="22 Oct 2023 20:34:20 GMT">
  <testcase classname="cucumber.api.testng.AbstractTestNGCucumberTests" name="runScenario" time="9.295"/>
  <testcase classname="cucumber.api.testng.AbstractTestNGCucumberTests" name="runScenario" time="8.715"/>
</testsuite> <!-- Default test -->
