<?xml version="1.0" encoding="UTF-8"?>
<robot generator="Robot 6.1.1 (Python 3.10.4 on win32)" generated="20230920 00:03:24.128" rpa="false" schemaversion="4">
<suite id="s1" name="ProductSortTests" source="e:\web_development\EvitecProject\Automation\Test Scenarios\ProductSortTests.robot">
<test id="s1-t1" name="Sort Products by Name(A to Z)" line="7">
<kw name="Given user successfully logged in" library="ProductPageKeywords">
<kw name="user is logged in and on the dashboard" library="LoginKeywords">
<kw name="user is on the login page" library="LoginKeywords">
<kw name="Open Browser" library="SeleniumLibrary">
<arg>${URL}</arg>
<arg>${BROWSER}</arg>
<doc>Opens a new browser instance to the optional ``url``.</doc>
<msg timestamp="20230920 00:03:24.422" level="INFO">Opening browser 'Chrome' to base url 'https://www.saucedemo.com'.</msg>
<status status="PASS" starttime="20230920 00:03:24.422" endtime="20230920 00:03:27.271"/>
</kw>
<kw name="Maximize Browser Window" library="SeleniumLibrary">
<doc>Maximizes current browser window.</doc>
<status status="PASS" starttime="20230920 00:03:27.272" endtime="20230920 00:03:27.417"/>
</kw>
<kw name="Title Should Be" library="SeleniumLibrary">
<arg>Swag Labs</arg>
<arg>Page title is wrong.</arg>
<doc>Verifies that the current page title equals ``title``.</doc>
<msg timestamp="20230920 00:03:27.424" level="INFO">Page title is 'Swag Labs'.</msg>
<status status="PASS" starttime="20230920 00:03:27.417" endtime="20230920 00:03:27.425"/>
</kw>
<status status="PASS" starttime="20230920 00:03:24.421" endtime="20230920 00:03:27.425"/>
</kw>
<kw name="user enters valid credentials" library="LoginKeywords">
<kw name="Input Text" library="SeleniumLibrary">
<arg>//input[@id='user-name']</arg>
<arg>standard_user</arg>
<doc>Types the given ``text`` into the text field identified by ``locator``.</doc>
<msg timestamp="20230920 00:03:27.429" level="INFO">Typing text 'standard_user' into text field '//input[@id='user-name']'.</msg>
<status status="PASS" starttime="20230920 00:03:27.427" endtime="20230920 00:03:27.607"/>
</kw>
<kw name="Input Text" library="SeleniumLibrary">
<arg>//input[@id='password']</arg>
<arg>secret_sauce</arg>
<doc>Types the given ``text`` into the text field identified by ``locator``.</doc>
<msg timestamp="20230920 00:03:27.608" level="INFO">Typing text 'secret_sauce' into text field '//input[@id='password']'.</msg>
<status status="PASS" starttime="20230920 00:03:27.607" endtime="20230920 00:03:27.699"/>
</kw>
<status status="PASS" starttime="20230920 00:03:27.425" endtime="20230920 00:03:27.700"/>
</kw>
<kw name="user clicks the login button" library="LoginKeywords">
<kw name="Click Button" library="SeleniumLibrary">
<arg>//input[@type='submit']</arg>
<doc>Clicks the button identified by ``locator``.</doc>
<msg timestamp="20230920 00:03:27.701" level="INFO">Clicking button '//input[@type='submit']'.</msg>
<status status="PASS" starttime="20230920 00:03:27.700" endtime="20230920 00:03:27.811"/>
</kw>
<status status="PASS" starttime="20230920 00:03:27.700" endtime="20230920 00:03:27.812"/>
</kw>
<kw name="user should be on the dashboard" library="LoginKeywords">
<kw name="Wait Until Page Contains" library="SeleniumLibrary">
<arg>Products</arg>
<arg>3</arg>
<doc>Waits until ``text`` appears on the current page.</doc>
<status status="PASS" starttime="20230920 00:03:27.812" endtime="20230920 00:03:27.848"/>
</kw>
<status status="PASS" starttime="20230920 00:03:27.812" endtime="20230920 00:03:27.848"/>
</kw>
<status status="PASS" starttime="20230920 00:03:24.421" endtime="20230920 00:03:27.849"/>
</kw>
<status status="PASS" starttime="20230920 00:03:24.420" endtime="20230920 00:03:27.849"/>
</kw>
<kw name="When user clicks dropdown menu" library="ProductPageKeywords">
<kw name="Click Element" library="SeleniumLibrary">
<arg>//select[@class='product_sort_container']</arg>
<doc>Click the element identified by ``locator``.</doc>
<msg timestamp="20230920 00:03:27.851" level="INFO">Clicking element '//select[@class='product_sort_container']'.</msg>
<status status="PASS" starttime="20230920 00:03:27.851" endtime="20230920 00:03:27.931"/>
</kw>
<status status="PASS" starttime="20230920 00:03:27.850" endtime="20230920 00:03:27.931"/>
</kw>
<kw name="And user clicks on" library="ProductPageKeywords">
<arg>Name(A to Z)</arg>
<kw name="Get Text" library="SeleniumLibrary">
<var>${sort_method}</var>
<arg>${SortByNameAtoZ}</arg>
<doc>Returns the text value of the element identified by ``locator``.</doc>
<msg timestamp="20230920 00:03:27.981" level="INFO">${sort_method} = Name (A to Z)</msg>
<status status="PASS" starttime="20230920 00:03:27.934" endtime="20230920 00:03:27.982"/>
</kw>
<kw name="Run Keyword If" library="BuiltIn">
<arg>$string == 'Name(A to Z)'</arg>
<arg>Click Element</arg>
<arg>${SortByNameAtoZ}</arg>
<arg>ELSE IF</arg>
<arg>$string == 'Name(Z to A)'</arg>
<arg>Click Element</arg>
<arg>${SortByNameZtoA}</arg>
<arg>ELSE</arg>
<arg>Fail</arg>
<arg>Sorting method doesn't exist</arg>
<doc>Runs the given keyword with the given arguments, if ``condition`` is true.</doc>
<kw name="Click Element" library="SeleniumLibrary">
<arg>${SortByNameAtoZ}</arg>
<doc>Click the element identified by ``locator``.</doc>
<msg timestamp="20230920 00:03:27.986" level="INFO">Clicking element '//option[@value='az']'.</msg>
<status status="PASS" starttime="20230920 00:03:27.986" endtime="20230920 00:03:28.023"/>
</kw>
<status status="PASS" starttime="20230920 00:03:27.982" endtime="20230920 00:03:28.023"/>
</kw>
<status status="PASS" starttime="20230920 00:03:27.933" endtime="20230920 00:03:28.023"/>
</kw>
<kw name="Then products should be sorted according to" library="ProductPageKeywords">
<arg>Name(A to Z)</arg>
<kw name="Get WebElements" library="SeleniumLibrary">
<var>${item_names}</var>
<arg>xpath=//div[@class='inventory_item_name']</arg>
<doc>Returns a list of WebElement objects matching the ``locator``.</doc>
<msg timestamp="20230920 00:03:28.040" level="INFO">${item_names} = [&lt;selenium.webdriver.remote.webelement.WebElement (session="03d02dd5585877034709a3b7b81582af", element="68E20B130F5F325C1C4F8A9B31CC9B07_element_42")&gt;, &lt;selenium.webdriver.remote.webelement.WebElement...</msg>
<status status="PASS" starttime="20230920 00:03:28.025" endtime="20230920 00:03:28.040"/>
</kw>
<kw name="Create List" library="BuiltIn">
<var>${item_names_list}</var>
<doc>Returns a list containing given items.</doc>
<msg timestamp="20230920 00:03:28.041" level="INFO">${item_names_list} = []</msg>
<status status="PASS" starttime="20230920 00:03:28.041" endtime="20230920 00:03:28.041"/>
</kw>
<kw name="Create List" library="BuiltIn">
<var>${sorted_names_list}</var>
<doc>Returns a list containing given items.</doc>
<msg timestamp="20230920 00:03:28.042" level="INFO">${sorted_names_list} = []</msg>
<status status="PASS" starttime="20230920 00:03:28.042" endtime="20230920 00:03:28.042"/>
</kw>
<for flavor="IN">
<var>${item_name}</var>
<value>@{item_names}</value>
<iter>
<var name="${item_name}">&lt;selenium.webdriver.remote.webelement.WebElement (session="03d02dd5585877034709a3b7b81582af", element="68E20B130F5F325C1C4F8A9B31CC9B07_element_42")&gt;</var>
<kw name="Get Text" library="SeleniumLibrary">
<var>${text}</var>
<arg>${item_name}</arg>
<doc>Returns the text value of the element identified by ``locator``.</doc>
<msg timestamp="20230920 00:03:28.057" level="INFO">${text} = Sauce Labs Backpack</msg>
<status status="PASS" starttime="20230920 00:03:28.043" endtime="20230920 00:03:28.057"/>
</kw>
<kw name="Append To List" library="Collections">
<arg>${item_names_list}</arg>
<arg>${text}</arg>
<doc>Adds ``values`` to the end of ``list``.</doc>
<status status="PASS" starttime="20230920 00:03:28.057" endtime="20230920 00:03:28.058"/>
</kw>
<status status="PASS" starttime="20230920 00:03:28.043" endtime="20230920 00:03:28.058"/>
</iter>
<iter>
<var name="${item_name}">&lt;selenium.webdriver.remote.webelement.WebElement (session="03d02dd5585877034709a3b7b81582af", element="68E20B130F5F325C1C4F8A9B31CC9B07_element_43")&gt;</var>
<kw name="Get Text" library="SeleniumLibrary">
<var>${text}</var>
<arg>${item_name}</arg>
<doc>Returns the text value of the element identified by ``locator``.</doc>
<msg timestamp="20230920 00:03:28.096" level="INFO">${text} = Sauce Labs Bike Light</msg>
<status status="PASS" starttime="20230920 00:03:28.059" endtime="20230920 00:03:28.096"/>
</kw>
<kw name="Append To List" library="Collections">
<arg>${item_names_list}</arg>
<arg>${text}</arg>
<doc>Adds ``values`` to the end of ``list``.</doc>
<status status="PASS" starttime="20230920 00:03:28.096" endtime="20230920 00:03:28.097"/>
</kw>
<status status="PASS" starttime="20230920 00:03:28.059" endtime="20230920 00:03:28.097"/>
</iter>
<iter>
<var name="${item_name}">&lt;selenium.webdriver.remote.webelement.WebElement (session="03d02dd5585877034709a3b7b81582af", element="68E20B130F5F325C1C4F8A9B31CC9B07_element_44")&gt;</var>
<kw name="Get Text" library="SeleniumLibrary">
<var>${text}</var>
<arg>${item_name}</arg>
<doc>Returns the text value of the element identified by ``locator``.</doc>
<msg timestamp="20230920 00:03:28.111" level="INFO">${text} = Sauce Labs Bolt T-Shirt</msg>
<status status="PASS" starttime="20230920 00:03:28.097" endtime="20230920 00:03:28.111"/>
</kw>
<kw name="Append To List" library="Collections">
<arg>${item_names_list}</arg>
<arg>${text}</arg>
<doc>Adds ``values`` to the end of ``list``.</doc>
<status status="PASS" starttime="20230920 00:03:28.111" endtime="20230920 00:03:28.112"/>
</kw>
<status status="PASS" starttime="20230920 00:03:28.097" endtime="20230920 00:03:28.112"/>
</iter>
<iter>
<var name="${item_name}">&lt;selenium.webdriver.remote.webelement.WebElement (session="03d02dd5585877034709a3b7b81582af", element="68E20B130F5F325C1C4F8A9B31CC9B07_element_45")&gt;</var>
<kw name="Get Text" library="SeleniumLibrary">
<var>${text}</var>
<arg>${item_name}</arg>
<doc>Returns the text value of the element identified by ``locator``.</doc>
<msg timestamp="20230920 00:03:28.122" level="INFO">${text} = Sauce Labs Fleece Jacket</msg>
<status status="PASS" starttime="20230920 00:03:28.112" endtime="20230920 00:03:28.122"/>
</kw>
<kw name="Append To List" library="Collections">
<arg>${item_names_list}</arg>
<arg>${text}</arg>
<doc>Adds ``values`` to the end of ``list``.</doc>
<status status="PASS" starttime="20230920 00:03:28.122" endtime="20230920 00:03:28.123"/>
</kw>
<status status="PASS" starttime="20230920 00:03:28.112" endtime="20230920 00:03:28.123"/>
</iter>
<iter>
<var name="${item_name}">&lt;selenium.webdriver.remote.webelement.WebElement (session="03d02dd5585877034709a3b7b81582af", element="68E20B130F5F325C1C4F8A9B31CC9B07_element_46")&gt;</var>
<kw name="Get Text" library="SeleniumLibrary">
<var>${text}</var>
<arg>${item_name}</arg>
<doc>Returns the text value of the element identified by ``locator``.</doc>
<msg timestamp="20230920 00:03:28.143" level="INFO">${text} = Sauce Labs Onesie</msg>
<status status="PASS" starttime="20230920 00:03:28.123" endtime="20230920 00:03:28.143"/>
</kw>
<kw name="Append To List" library="Collections">
<arg>${item_names_list}</arg>
<arg>${text}</arg>
<doc>Adds ``values`` to the end of ``list``.</doc>
<status status="PASS" starttime="20230920 00:03:28.143" endtime="20230920 00:03:28.144"/>
</kw>
<status status="PASS" starttime="20230920 00:03:28.123" endtime="20230920 00:03:28.144"/>
</iter>
<iter>
<var name="${item_name}">&lt;selenium.webdriver.remote.webelement.WebElement (session="03d02dd5585877034709a3b7b81582af", element="68E20B130F5F325C1C4F8A9B31CC9B07_element_47")&gt;</var>
<kw name="Get Text" library="SeleniumLibrary">
<var>${text}</var>
<arg>${item_name}</arg>
<doc>Returns the text value of the element identified by ``locator``.</doc>
<msg timestamp="20230920 00:03:28.155" level="INFO">${text} = Test.allTheThings() T-Shirt (Red)</msg>
<status status="PASS" starttime="20230920 00:03:28.144" endtime="20230920 00:03:28.155"/>
</kw>
<kw name="Append To List" library="Collections">
<arg>${item_names_list}</arg>
<arg>${text}</arg>
<doc>Adds ``values`` to the end of ``list``.</doc>
<status status="PASS" starttime="20230920 00:03:28.156" endtime="20230920 00:03:28.156"/>
</kw>
<status status="PASS" starttime="20230920 00:03:28.144" endtime="20230920 00:03:28.156"/>
</iter>
<status status="PASS" starttime="20230920 00:03:28.042" endtime="20230920 00:03:28.156"/>
</for>
<kw name="Copy List" library="Collections">
<var>@{sorted_names_list}</var>
<arg>${item_names_list}</arg>
<doc>Returns a copy of the given list.</doc>
<msg timestamp="20230920 00:03:28.157" level="INFO">@{sorted_names_list} = [ Sauce Labs Backpack | Sauce Labs Bike Light | Sauce Labs Bolt T-Shirt | Sauce Labs Fleece Jacket | Sauce Labs Onesie | Test.allTheThings() T-Shirt (Red) ]</msg>
<status status="PASS" starttime="20230920 00:03:28.157" endtime="20230920 00:03:28.157"/>
</kw>
<kw name="Run Keyword If" library="BuiltIn">
<arg>$string == 'Name(A to Z)'</arg>
<arg>Sort List</arg>
<arg>${sorted_names_list}</arg>
<doc>Runs the given keyword with the given arguments, if ``condition`` is true.</doc>
<kw name="Sort List" library="Collections">
<arg>${sorted_names_list}</arg>
<doc>Sorts the given list in place.</doc>
<status status="PASS" starttime="20230920 00:03:28.158" endtime="20230920 00:03:28.159"/>
</kw>
<status status="PASS" starttime="20230920 00:03:28.158" endtime="20230920 00:03:28.159"/>
</kw>
<kw name="Run Keyword If" library="BuiltIn">
<arg>$string == 'Name(Z to A)'</arg>
<arg>Run Keywords</arg>
<arg>Sort List</arg>
<arg>${sorted_names_list}</arg>
<arg>AND</arg>
<arg>Reverse List</arg>
<arg>${sorted_names_list}</arg>
<doc>Runs the given keyword with the given arguments, if ``condition`` is true.</doc>
<status status="PASS" starttime="20230920 00:03:28.159" endtime="20230920 00:03:28.160"/>
</kw>
<kw name="Lists Should Be Equal" library="Collections">
<arg>${sorted_names_list}</arg>
<arg>${item_names_list}</arg>
<doc>Fails if given lists are unequal.</doc>
<status status="PASS" starttime="20230920 00:03:28.160" endtime="20230920 00:03:28.161"/>
</kw>
<status status="PASS" starttime="20230920 00:03:28.024" endtime="20230920 00:03:28.161"/>
</kw>
<tag>ProductSort</tag>
<status status="PASS" starttime="20230920 00:03:24.419" endtime="20230920 00:03:28.163"/>
</test>
<test id="s1-t2" name="Sort products by Name(Z to A)" line="14">
<kw name="Given user successfully logged in" library="ProductPageKeywords">
<kw name="user is logged in and on the dashboard" library="LoginKeywords">
<kw name="user is on the login page" library="LoginKeywords">
<kw name="Open Browser" library="SeleniumLibrary">
<arg>${URL}</arg>
<arg>${BROWSER}</arg>
<doc>Opens a new browser instance to the optional ``url``.</doc>
<msg timestamp="20230920 00:03:28.173" level="INFO">Opening browser 'Chrome' to base url 'https://www.saucedemo.com'.</msg>
<status status="PASS" starttime="20230920 00:03:28.173" endtime="20230920 00:03:30.798"/>
</kw>
<kw name="Maximize Browser Window" library="SeleniumLibrary">
<doc>Maximizes current browser window.</doc>
<status status="PASS" starttime="20230920 00:03:30.799" endtime="20230920 00:03:30.932"/>
</kw>
<kw name="Title Should Be" library="SeleniumLibrary">
<arg>Swag Labs</arg>
<arg>Page title is wrong.</arg>
<doc>Verifies that the current page title equals ``title``.</doc>
<msg timestamp="20230920 00:03:30.946" level="INFO">Page title is 'Swag Labs'.</msg>
<status status="PASS" starttime="20230920 00:03:30.933" endtime="20230920 00:03:30.946"/>
</kw>
<status status="PASS" starttime="20230920 00:03:28.172" endtime="20230920 00:03:30.946"/>
</kw>
<kw name="user enters valid credentials" library="LoginKeywords">
<kw name="Input Text" library="SeleniumLibrary">
<arg>//input[@id='user-name']</arg>
<arg>standard_user</arg>
<doc>Types the given ``text`` into the text field identified by ``locator``.</doc>
<msg timestamp="20230920 00:03:30.948" level="INFO">Typing text 'standard_user' into text field '//input[@id='user-name']'.</msg>
<status status="PASS" starttime="20230920 00:03:30.947" endtime="20230920 00:03:31.169"/>
</kw>
<kw name="Input Text" library="SeleniumLibrary">
<arg>//input[@id='password']</arg>
<arg>secret_sauce</arg>
<doc>Types the given ``text`` into the text field identified by ``locator``.</doc>
<msg timestamp="20230920 00:03:31.170" level="INFO">Typing text 'secret_sauce' into text field '//input[@id='password']'.</msg>
<status status="PASS" starttime="20230920 00:03:31.169" endtime="20230920 00:03:31.284"/>
</kw>
<status status="PASS" starttime="20230920 00:03:30.947" endtime="20230920 00:03:31.285"/>
</kw>
<kw name="user clicks the login button" library="LoginKeywords">
<kw name="Click Button" library="SeleniumLibrary">
<arg>//input[@type='submit']</arg>
<doc>Clicks the button identified by ``locator``.</doc>
<msg timestamp="20230920 00:03:31.286" level="INFO">Clicking button '//input[@type='submit']'.</msg>
<status status="PASS" starttime="20230920 00:03:31.285" endtime="20230920 00:03:31.403"/>
</kw>
<status status="PASS" starttime="20230920 00:03:31.285" endtime="20230920 00:03:31.404"/>
</kw>
<kw name="user should be on the dashboard" library="LoginKeywords">
<kw name="Wait Until Page Contains" library="SeleniumLibrary">
<arg>Products</arg>
<arg>3</arg>
<doc>Waits until ``text`` appears on the current page.</doc>
<status status="PASS" starttime="20230920 00:03:31.404" endtime="20230920 00:03:31.437"/>
</kw>
<status status="PASS" starttime="20230920 00:03:31.404" endtime="20230920 00:03:31.437"/>
</kw>
<status status="PASS" starttime="20230920 00:03:28.172" endtime="20230920 00:03:31.438"/>
</kw>
<status status="PASS" starttime="20230920 00:03:28.171" endtime="20230920 00:03:31.438"/>
</kw>
<kw name="When user clicks dropdown menu" library="ProductPageKeywords">
<kw name="Click Element" library="SeleniumLibrary">
<arg>//select[@class='product_sort_container']</arg>
<doc>Click the element identified by ``locator``.</doc>
<msg timestamp="20230920 00:03:31.444" level="INFO">Clicking element '//select[@class='product_sort_container']'.</msg>
<status status="PASS" starttime="20230920 00:03:31.443" endtime="20230920 00:03:31.530"/>
</kw>
<status status="PASS" starttime="20230920 00:03:31.441" endtime="20230920 00:03:31.530"/>
</kw>
<kw name="And user clicks on" library="ProductPageKeywords">
<arg>Name(Z to A)</arg>
<kw name="Get Text" library="SeleniumLibrary">
<var>${sort_method}</var>
<arg>${SortByNameAtoZ}</arg>
<doc>Returns the text value of the element identified by ``locator``.</doc>
<msg timestamp="20230920 00:03:31.579" level="INFO">${sort_method} = Name (A to Z)</msg>
<status status="PASS" starttime="20230920 00:03:31.534" endtime="20230920 00:03:31.579"/>
</kw>
<kw name="Run Keyword If" library="BuiltIn">
<arg>$string == 'Name(A to Z)'</arg>
<arg>Click Element</arg>
<arg>${SortByNameAtoZ}</arg>
<arg>ELSE IF</arg>
<arg>$string == 'Name(Z to A)'</arg>
<arg>Click Element</arg>
<arg>${SortByNameZtoA}</arg>
<arg>ELSE</arg>
<arg>Fail</arg>
<arg>Sorting method doesn't exist</arg>
<doc>Runs the given keyword with the given arguments, if ``condition`` is true.</doc>
<kw name="Click Element" library="SeleniumLibrary">
<arg>${SortByNameZtoA}</arg>
<doc>Click the element identified by ``locator``.</doc>
<msg timestamp="20230920 00:03:31.581" level="INFO">Clicking element '//option[@value='za']'.</msg>
<status status="PASS" starttime="20230920 00:03:31.580" endtime="20230920 00:03:31.636"/>
</kw>
<status status="PASS" starttime="20230920 00:03:31.580" endtime="20230920 00:03:31.637"/>
</kw>
<status status="PASS" starttime="20230920 00:03:31.532" endtime="20230920 00:03:31.637"/>
</kw>
<kw name="Then products should be sorted according to" library="ProductPageKeywords">
<arg>Name(Z to A)</arg>
<kw name="Get WebElements" library="SeleniumLibrary">
<var>${item_names}</var>
<arg>xpath=//div[@class='inventory_item_name']</arg>
<doc>Returns a list of WebElement objects matching the ``locator``.</doc>
<msg timestamp="20230920 00:03:31.655" level="INFO">${item_names} = [&lt;selenium.webdriver.remote.webelement.WebElement (session="9dec72429f042aeec741d192e675435b", element="A3A912C7802832760D9AF416403F28A7_element_45")&gt;, &lt;selenium.webdriver.remote.webelement.WebElement...</msg>
<status status="PASS" starttime="20230920 00:03:31.638" endtime="20230920 00:03:31.655"/>
</kw>
<kw name="Create List" library="BuiltIn">
<var>${item_names_list}</var>
<doc>Returns a list containing given items.</doc>
<msg timestamp="20230920 00:03:31.655" level="INFO">${item_names_list} = []</msg>
<status status="PASS" starttime="20230920 00:03:31.655" endtime="20230920 00:03:31.655"/>
</kw>
<kw name="Create List" library="BuiltIn">
<var>${sorted_names_list}</var>
<doc>Returns a list containing given items.</doc>
<msg timestamp="20230920 00:03:31.656" level="INFO">${sorted_names_list} = []</msg>
<status status="PASS" starttime="20230920 00:03:31.656" endtime="20230920 00:03:31.656"/>
</kw>
<for flavor="IN">
<var>${item_name}</var>
<value>@{item_names}</value>
<iter>
<var name="${item_name}">&lt;selenium.webdriver.remote.webelement.WebElement (session="9dec72429f042aeec741d192e675435b", element="A3A912C7802832760D9AF416403F28A7_element_45")&gt;</var>
<kw name="Get Text" library="SeleniumLibrary">
<var>${text}</var>
<arg>${item_name}</arg>
<doc>Returns the text value of the element identified by ``locator``.</doc>
<msg timestamp="20230920 00:03:31.670" level="INFO">${text} = Test.allTheThings() T-Shirt (Red)</msg>
<status status="PASS" starttime="20230920 00:03:31.657" endtime="20230920 00:03:31.670"/>
</kw>
<kw name="Append To List" library="Collections">
<arg>${item_names_list}</arg>
<arg>${text}</arg>
<doc>Adds ``values`` to the end of ``list``.</doc>
<status status="PASS" starttime="20230920 00:03:31.670" endtime="20230920 00:03:31.671"/>
</kw>
<status status="PASS" starttime="20230920 00:03:31.657" endtime="20230920 00:03:31.671"/>
</iter>
<iter>
<var name="${item_name}">&lt;selenium.webdriver.remote.webelement.WebElement (session="9dec72429f042aeec741d192e675435b", element="A3A912C7802832760D9AF416403F28A7_element_47")&gt;</var>
<kw name="Get Text" library="SeleniumLibrary">
<var>${text}</var>
<arg>${item_name}</arg>
<doc>Returns the text value of the element identified by ``locator``.</doc>
<msg timestamp="20230920 00:03:31.694" level="INFO">${text} = Sauce Labs Onesie</msg>
<status status="PASS" starttime="20230920 00:03:31.671" endtime="20230920 00:03:31.694"/>
</kw>
<kw name="Append To List" library="Collections">
<arg>${item_names_list}</arg>
<arg>${text}</arg>
<doc>Adds ``values`` to the end of ``list``.</doc>
<status status="PASS" starttime="20230920 00:03:31.695" endtime="20230920 00:03:31.695"/>
</kw>
<status status="PASS" starttime="20230920 00:03:31.671" endtime="20230920 00:03:31.695"/>
</iter>
<iter>
<var name="${item_name}">&lt;selenium.webdriver.remote.webelement.WebElement (session="9dec72429f042aeec741d192e675435b", element="A3A912C7802832760D9AF416403F28A7_element_48")&gt;</var>
<kw name="Get Text" library="SeleniumLibrary">
<var>${text}</var>
<arg>${item_name}</arg>
<doc>Returns the text value of the element identified by ``locator``.</doc>
<msg timestamp="20230920 00:03:31.729" level="INFO">${text} = Sauce Labs Fleece Jacket</msg>
<status status="PASS" starttime="20230920 00:03:31.696" endtime="20230920 00:03:31.729"/>
</kw>
<kw name="Append To List" library="Collections">
<arg>${item_names_list}</arg>
<arg>${text}</arg>
<doc>Adds ``values`` to the end of ``list``.</doc>
<status status="PASS" starttime="20230920 00:03:31.730" endtime="20230920 00:03:31.730"/>
</kw>
<status status="PASS" starttime="20230920 00:03:31.695" endtime="20230920 00:03:31.730"/>
</iter>
<iter>
<var name="${item_name}">&lt;selenium.webdriver.remote.webelement.WebElement (session="9dec72429f042aeec741d192e675435b", element="A3A912C7802832760D9AF416403F28A7_element_49")&gt;</var>
<kw name="Get Text" library="SeleniumLibrary">
<var>${text}</var>
<arg>${item_name}</arg>
<doc>Returns the text value of the element identified by ``locator``.</doc>
<msg timestamp="20230920 00:03:31.753" level="INFO">${text} = Sauce Labs Bolt T-Shirt</msg>
<status status="PASS" starttime="20230920 00:03:31.731" endtime="20230920 00:03:31.753"/>
</kw>
<kw name="Append To List" library="Collections">
<arg>${item_names_list}</arg>
<arg>${text}</arg>
<doc>Adds ``values`` to the end of ``list``.</doc>
<status status="PASS" starttime="20230920 00:03:31.753" endtime="20230920 00:03:31.754"/>
</kw>
<status status="PASS" starttime="20230920 00:03:31.730" endtime="20230920 00:03:31.754"/>
</iter>
<iter>
<var name="${item_name}">&lt;selenium.webdriver.remote.webelement.WebElement (session="9dec72429f042aeec741d192e675435b", element="A3A912C7802832760D9AF416403F28A7_element_50")&gt;</var>
<kw name="Get Text" library="SeleniumLibrary">
<var>${text}</var>
<arg>${item_name}</arg>
<doc>Returns the text value of the element identified by ``locator``.</doc>
<msg timestamp="20230920 00:03:31.766" level="INFO">${text} = Sauce Labs Bike Light</msg>
<status status="PASS" starttime="20230920 00:03:31.754" endtime="20230920 00:03:31.766"/>
</kw>
<kw name="Append To List" library="Collections">
<arg>${item_names_list}</arg>
<arg>${text}</arg>
<doc>Adds ``values`` to the end of ``list``.</doc>
<status status="PASS" starttime="20230920 00:03:31.767" endtime="20230920 00:03:31.767"/>
</kw>
<status status="PASS" starttime="20230920 00:03:31.754" endtime="20230920 00:03:31.767"/>
</iter>
<iter>
<var name="${item_name}">&lt;selenium.webdriver.remote.webelement.WebElement (session="9dec72429f042aeec741d192e675435b", element="A3A912C7802832760D9AF416403F28A7_element_51")&gt;</var>
<kw name="Get Text" library="SeleniumLibrary">
<var>${text}</var>
<arg>${item_name}</arg>
<doc>Returns the text value of the element identified by ``locator``.</doc>
<msg timestamp="20230920 00:03:31.779" level="INFO">${text} = Sauce Labs Backpack</msg>
<status status="PASS" starttime="20230920 00:03:31.768" endtime="20230920 00:03:31.779"/>
</kw>
<kw name="Append To List" library="Collections">
<arg>${item_names_list}</arg>
<arg>${text}</arg>
<doc>Adds ``values`` to the end of ``list``.</doc>
<status status="PASS" starttime="20230920 00:03:31.779" endtime="20230920 00:03:31.779"/>
</kw>
<status status="PASS" starttime="20230920 00:03:31.767" endtime="20230920 00:03:31.780"/>
</iter>
<status status="PASS" starttime="20230920 00:03:31.656" endtime="20230920 00:03:31.780"/>
</for>
<kw name="Copy List" library="Collections">
<var>@{sorted_names_list}</var>
<arg>${item_names_list}</arg>
<doc>Returns a copy of the given list.</doc>
<msg timestamp="20230920 00:03:31.780" level="INFO">@{sorted_names_list} = [ Test.allTheThings() T-Shirt (Red) | Sauce Labs Onesie | Sauce Labs Fleece Jacket | Sauce Labs Bolt T-Shirt | Sauce Labs Bike Light | Sauce Labs Backpack ]</msg>
<status status="PASS" starttime="20230920 00:03:31.780" endtime="20230920 00:03:31.780"/>
</kw>
<kw name="Run Keyword If" library="BuiltIn">
<arg>$string == 'Name(A to Z)'</arg>
<arg>Sort List</arg>
<arg>${sorted_names_list}</arg>
<doc>Runs the given keyword with the given arguments, if ``condition`` is true.</doc>
<status status="PASS" starttime="20230920 00:03:31.781" endtime="20230920 00:03:31.781"/>
</kw>
<kw name="Run Keyword If" library="BuiltIn">
<arg>$string == 'Name(Z to A)'</arg>
<arg>Run Keywords</arg>
<arg>Sort List</arg>
<arg>${sorted_names_list}</arg>
<arg>AND</arg>
<arg>Reverse List</arg>
<arg>${sorted_names_list}</arg>
<doc>Runs the given keyword with the given arguments, if ``condition`` is true.</doc>
<kw name="Run Keywords" library="BuiltIn">
<arg>Sort List</arg>
<arg>${sorted_names_list}</arg>
<arg>AND</arg>
<arg>Reverse List</arg>
<arg>${sorted_names_list}</arg>
<doc>Executes all the given keywords in a sequence.</doc>
<kw name="Sort List" library="Collections">
<arg>${sorted_names_list}</arg>
<doc>Sorts the given list in place.</doc>
<status status="PASS" starttime="20230920 00:03:31.782" endtime="20230920 00:03:31.782"/>
</kw>
<kw name="Reverse List" library="Collections">
<arg>${sorted_names_list}</arg>
<doc>Reverses the given list in place.</doc>
<status status="PASS" starttime="20230920 00:03:31.783" endtime="20230920 00:03:31.783"/>
</kw>
<status status="PASS" starttime="20230920 00:03:31.782" endtime="20230920 00:03:31.783"/>
</kw>
<status status="PASS" starttime="20230920 00:03:31.781" endtime="20230920 00:03:31.783"/>
</kw>
<kw name="Lists Should Be Equal" library="Collections">
<arg>${sorted_names_list}</arg>
<arg>${item_names_list}</arg>
<doc>Fails if given lists are unequal.</doc>
<status status="PASS" starttime="20230920 00:03:31.783" endtime="20230920 00:03:31.784"/>
</kw>
<status status="PASS" starttime="20230920 00:03:31.637" endtime="20230920 00:03:31.784"/>
</kw>
<tag>ProductSort</tag>
<status status="PASS" starttime="20230920 00:03:28.170" endtime="20230920 00:03:31.785"/>
</test>
<status status="PASS" starttime="20230920 00:03:24.134" endtime="20230920 00:03:31.787"/>
</suite>
<statistics>
<total>
<stat pass="2" fail="0" skip="0">All Tests</stat>
</total>
<tag>
<stat pass="2" fail="0" skip="0">ProductSort</stat>
</tag>
<suite>
<stat pass="2" fail="0" skip="0" id="s1" name="ProductSortTests">ProductSortTests</stat>
</suite>
</statistics>
<errors>
</errors>
</robot>
